<?xml version="1.0" encoding="UTF-8"?>
<!-- Generated by org.testng.reporters.JUnitReportReporter -->
<testsuite hostname="LAPTOP-0062FF7B" failures="0" tests="1" name="Scripts.Tc3" time="17.180" errors="0" timestamp="2022-08-02T11:55:31 IST" skipped="0">
  <testcase classname="Scripts.Tc3" name="OpenApp" time="17.180"/>
  <system-out/>
</testsuite> <!-- Scripts.Tc3 -->
