<?xml version="1.0" encoding="UTF-8"?>
<!-- Generated by org.testng.reporters.JUnitReportReporter -->
<testsuite hostname="LAPTOP-0062FF7B" failures="0" tests="1" name="Scripts.Tc2" time="5.074" errors="0" timestamp="2022-08-02T11:55:31 IST" skipped="0">
  <testcase classname="Scripts.Tc2" name="OpenApp" time="5.074"/>
  <system-out/>
</testsuite> <!-- Scripts.Tc2 -->
